<?xml version="1.0" encoding="UTF-8"?>
<!-- Generated by org.testng.reporters.JUnitReportReporter -->
<testsuite hostname="Onkar-Kolkur" failures="0" tests="2" name="qa.tests.TestCase1" time="6.879" errors="0" timestamp="2025-05-24T21:26:33 IST" skipped="0">
  <testcase classname="qa.tests.TestCase1" name="FillRegistrationData" time="1.710">
    <system-out>
      <![CDATA[Step 1 - Clicking on Register<br>
Step 2 - Filling the details<br>
 Passed-  <a href='C:\Users\Onkar Kolkur\eclipse-workspace\myTest_Framework\.\screenshotsPass\24052025212626\LoginTestAutomation1_FillRegistrationData.png'> <img src='C:\Users\Onkar Kolkur\eclipse-workspace\myTest_Framework\.\screenshotsPass\24052025212626\LoginTestAutomation1_FillRegistrationData.png' height='150' width='300'/> </a>]]>
    </system-out>
  </testcase> <!-- FillRegistrationData -->
  <testcase classname="qa.tests.TestCase1" name="SubmitAndVerfiyAccount" time="5.169">
    <system-out>
      <![CDATA[Step 3 - Submitting the details and Clicking on Register button<br>
Step 4 - Clicking on continue<br>
Step 5 - Account verification<br>
 Passed-  <a href='C:\Users\Onkar Kolkur\eclipse-workspace\myTest_Framework\.\screenshotsPass\24052025212626\LoginTestAutomation1_SubmitAndVerfiyAccount.png'> <img src='C:\Users\Onkar Kolkur\eclipse-workspace\myTest_Framework\.\screenshotsPass\24052025212626\LoginTestAutomation1_SubmitAndVerfiyAccount.png' height='150' width='300'/> </a>]]>
    </system-out>
  </testcase> <!-- SubmitAndVerfiyAccount -->
  <system-out>
    <![CDATA[Step 1 - Clicking on Register<br>
Step 2 - Filling the details<br>
 Passed-  <a href='C:\Users\Onkar Kolkur\eclipse-workspace\myTest_Framework\.\screenshotsPass\24052025212626\LoginTestAutomation1_FillRegistrationData.png'> <img src='C:\Users\Onkar Kolkur\eclipse-workspace\myTest_Framework\.\screenshotsPass\24052025212626\LoginTestAutomation1_FillRegistrationData.png' height='150' width='300'/> </a>
Step 3 - Submitting the details and Clicking on Register button<br>
Step 4 - Clicking on continue<br>
Step 5 - Account verification<br>
 Passed-  <a href='C:\Users\Onkar Kolkur\eclipse-workspace\myTest_Framework\.\screenshotsPass\24052025212626\LoginTestAutomation1_SubmitAndVerfiyAccount.png'> <img src='C:\Users\Onkar Kolkur\eclipse-workspace\myTest_Framework\.\screenshotsPass\24052025212626\LoginTestAutomation1_SubmitAndVerfiyAccount.png' height='150' width='300'/> </a>]]>
  </system-out>
</testsuite> <!-- qa.tests.TestCase1 -->
