<?xml version="1.0" encoding="UTF-8"?>
<!-- Generated by org.testng.reporters.JUnitReportReporter -->
<testsuite hostname="Onkar-Kolkur" failures="0" tests="1" name="qa.tests.TestCase2" time="20.715" errors="0" timestamp="2025-05-23T17:23:34 IST" skipped="0">
  <testcase classname="qa.tests.TestCase2" name="verifyFirstPage" time="20.715">
    <system-out>
      <![CDATA[Signin into LoginPage<br>
Verifying Login Button is present<br>]]>
    </system-out>
  </testcase> <!-- verifyFirstPage -->
  <system-out>
    <![CDATA[Signin into LoginPage<br>
Verifying Login Button is present<br>
Enter the creds
Signin into LoginPage<br>
Verifying Login Button is present<br>]]>
  </system-out>
</testsuite> <!-- qa.tests.TestCase2 -->
