<?xml version="1.0" encoding="UTF-8"?>
<!-- Generated by org.testng.reporters.JUnitReportReporter -->
<testsuite hostname="Onkar-Kolkur" failures="0" tests="1" name="qa.tests.TestCase2" time="7.145" errors="0" timestamp="2025-05-24T19:55:36 IST" skipped="0">
  <testcase classname="qa.tests.TestCase2" name="verifyFirstPage" time="7.145">
    <system-out>
      <![CDATA[Step 1 - Signin into LoginPage<br>
Step 2 - Verifying Login Button is present<br>
 Passed-  <a href='C:\Users\Onkar Kolkur\eclipse-workspace\myTest_Framework\.\screenshotsPass\24052025195521\LoginTestAutomation2_verifyFirstPage.png'> <img src='C:\Users\Onkar Kolkur\eclipse-workspace\myTest_Framework\.\screenshotsPass\24052025195521\LoginTestAutomation2_verifyFirstPage.png' height='150' width='300'/> </a>]]>
    </system-out>
  </testcase> <!-- verifyFirstPage -->
  <system-out>
    <![CDATA[Step 1 - Signing into LoginPage<br>
Step 2 - Verifying Login Button is present<br>
Step 3 - Enter the creds<br>
 Passed-  <a href='C:\Users\Onkar Kolkur\eclipse-workspace\myTest_Framework\.\screenshotsPass\24052025195521\LoginTestAutomation1_sampleMethodForEnteringCreds.png'> <img src='C:\Users\Onkar Kolkur\eclipse-workspace\myTest_Framework\.\screenshotsPass\24052025195521\LoginTestAutomation1_sampleMethodForEnteringCreds.png' height='150' width='300'/> </a>
Step 1 - Signing into LoginPage<br>
Step 2 - Verifying Login Button is present<br>
Step 3 - Enter the creds<br>
 Passed-  <a href='C:\Users\Onkar Kolkur\eclipse-workspace\myTest_Framework\.\screenshotsPass\24052025195521\LoginTestAutomation1_sampleMethodForEnteringCreds.png'> <img src='C:\Users\Onkar Kolkur\eclipse-workspace\myTest_Framework\.\screenshotsPass\24052025195521\LoginTestAutomation1_sampleMethodForEnteringCreds.png' height='150' width='300'/> </a>
Step 1 - Signin into LoginPage<br>
Step 2 - Verifying Login Button is present<br>
 Passed-  <a href='C:\Users\Onkar Kolkur\eclipse-workspace\myTest_Framework\.\screenshotsPass\24052025195521\LoginTestAutomation2_verifyFirstPage.png'> <img src='C:\Users\Onkar Kolkur\eclipse-workspace\myTest_Framework\.\screenshotsPass\24052025195521\LoginTestAutomation2_verifyFirstPage.png' height='150' width='300'/> </a>]]>
  </system-out>
</testsuite> <!-- qa.tests.TestCase2 -->
